2018-06-27T09:40:06+00:00 INFO Queuing 3.4.3 - wc_update_343_cleanup_foreign_keys
2018-06-27T09:40:06+00:00 INFO Queuing 3.4.3 - wc_update_343_db_version
2018-06-27T09:40:07+00:00 INFO Data update complete
2018-06-27T10:05:31+00:00 INFO Queuing 2.0.0 - wc_update_200_file_paths
2018-06-27T10:05:31+00:00 INFO Queuing 2.0.0 - wc_update_200_permalinks
2018-06-27T10:05:31+00:00 INFO Queuing 2.0.0 - wc_update_200_subcat_display
2018-06-27T10:05:31+00:00 INFO Queuing 2.0.0 - wc_update_200_taxrates
2018-06-27T10:05:31+00:00 INFO Queuing 2.0.0 - wc_update_200_line_items
2018-06-27T10:05:31+00:00 INFO Queuing 2.0.0 - wc_update_200_images
2018-06-27T10:05:31+00:00 INFO Queuing 2.0.0 - wc_update_200_db_version
2018-06-27T10:05:31+00:00 INFO Queuing 2.0.9 - wc_update_209_brazillian_state
2018-06-27T10:05:31+00:00 INFO Queuing 2.0.9 - wc_update_209_db_version
2018-06-27T10:05:31+00:00 INFO Queuing 2.1.0 - wc_update_210_remove_pages
2018-06-27T10:05:31+00:00 INFO Queuing 2.1.0 - wc_update_210_file_paths
2018-06-27T10:05:31+00:00 INFO Queuing 2.1.0 - wc_update_210_db_version
2018-06-27T10:05:31+00:00 INFO Queuing 2.2.0 - wc_update_220_shipping
2018-06-27T10:05:31+00:00 INFO Queuing 2.2.0 - wc_update_220_order_status
2018-06-27T10:05:31+00:00 INFO Queuing 2.2.0 - wc_update_220_variations
2018-06-27T10:05:31+00:00 INFO Queuing 2.2.0 - wc_update_220_attributes
2018-06-27T10:05:31+00:00 INFO Queuing 2.2.0 - wc_update_220_db_version
2018-06-27T10:05:31+00:00 INFO Queuing 2.3.0 - wc_update_230_options
2018-06-27T10:05:31+00:00 INFO Queuing 2.3.0 - wc_update_230_db_version
2018-06-27T10:05:31+00:00 INFO Queuing 2.4.0 - wc_update_240_options
2018-06-27T10:05:31+00:00 INFO Queuing 2.4.0 - wc_update_240_shipping_methods
2018-06-27T10:05:31+00:00 INFO Queuing 2.4.0 - wc_update_240_api_keys
2018-06-27T10:05:31+00:00 INFO Queuing 2.4.0 - wc_update_240_refunds
2018-06-27T10:05:31+00:00 INFO Queuing 2.4.0 - wc_update_240_db_version
2018-06-27T10:05:31+00:00 INFO Queuing 2.4.1 - wc_update_241_variations
2018-06-27T10:05:31+00:00 INFO Queuing 2.4.1 - wc_update_241_db_version
2018-06-27T10:05:31+00:00 INFO Queuing 2.5.0 - wc_update_250_currency
2018-06-27T10:05:31+00:00 INFO Queuing 2.5.0 - wc_update_250_db_version
2018-06-27T10:05:31+00:00 INFO Queuing 2.6.0 - wc_update_260_options
2018-06-27T10:05:31+00:00 INFO Queuing 2.6.0 - wc_update_260_termmeta
2018-06-27T10:05:31+00:00 INFO Queuing 2.6.0 - wc_update_260_zones
2018-06-27T10:05:31+00:00 INFO Queuing 2.6.0 - wc_update_260_zone_methods
2018-06-27T10:05:31+00:00 INFO Queuing 2.6.0 - wc_update_260_refunds
2018-06-27T10:05:31+00:00 INFO Queuing 2.6.0 - wc_update_260_db_version
2018-06-27T10:05:31+00:00 INFO Queuing 3.0.0 - wc_update_300_grouped_products
2018-06-27T10:05:31+00:00 INFO Queuing 3.0.0 - wc_update_300_settings
2018-06-27T10:05:31+00:00 INFO Queuing 3.0.0 - wc_update_300_product_visibility
2018-06-27T10:05:31+00:00 INFO Queuing 3.0.0 - wc_update_300_db_version
2018-06-27T10:05:31+00:00 INFO Queuing 3.1.0 - wc_update_310_downloadable_products
2018-06-27T10:05:31+00:00 INFO Queuing 3.1.0 - wc_update_310_old_comments
2018-06-27T10:05:31+00:00 INFO Queuing 3.1.0 - wc_update_310_db_version
2018-06-27T10:05:31+00:00 INFO Queuing 3.1.2 - wc_update_312_shop_manager_capabilities
2018-06-27T10:05:31+00:00 INFO Queuing 3.1.2 - wc_update_312_db_version
2018-06-27T10:05:31+00:00 INFO Queuing 3.2.0 - wc_update_320_mexican_states
2018-06-27T10:05:31+00:00 INFO Queuing 3.2.0 - wc_update_320_db_version
2018-06-27T10:05:31+00:00 INFO Queuing 3.3.0 - wc_update_330_image_options
2018-06-27T10:05:31+00:00 INFO Queuing 3.3.0 - wc_update_330_webhooks
2018-06-27T10:05:31+00:00 INFO Queuing 3.3.0 - wc_update_330_product_stock_status
2018-06-27T10:05:31+00:00 INFO Queuing 3.3.0 - wc_update_330_set_default_product_cat
2018-06-27T10:05:31+00:00 INFO Queuing 3.3.0 - wc_update_330_clear_transients
2018-06-27T10:05:31+00:00 INFO Queuing 3.3.0 - wc_update_330_set_paypal_sandbox_credentials
2018-06-27T10:05:31+00:00 INFO Queuing 3.3.0 - wc_update_330_db_version
2018-06-27T10:05:31+00:00 INFO Queuing 3.4.0 - wc_update_340_states
2018-06-27T10:05:31+00:00 INFO Queuing 3.4.0 - wc_update_340_state
2018-06-27T10:05:31+00:00 INFO Queuing 3.4.0 - wc_update_340_last_active
2018-06-27T10:05:31+00:00 INFO Queuing 3.4.0 - wc_update_340_db_version
2018-06-27T10:05:31+00:00 INFO Queuing 3.4.3 - wc_update_343_cleanup_foreign_keys
2018-06-27T10:05:31+00:00 INFO Queuing 3.4.3 - wc_update_343_db_version
2018-06-27T10:05:32+00:00 INFO Data update complete
